<?xml version="1.0" encoding="UTF-8"?>
<!-- Generated by org.testng.reporters.JUnitReportReporter -->
<testsuite hostname="DESKTOP-1EKAV2N" failures="0" tests="3" name="com.yatra.qa.testcases.LoginPageTest" time="75.918" errors="0" timestamp="2021-07-04T19:01:37 IST" skipped="0">
  <testcase classname="com.yatra.qa.testcases.LoginPageTest" name="loginPageHeaderTest" time="21.748"/>
  <system-out/>
  <testcase classname="com.yatra.qa.testcases.LoginPageTest" name="loginTest" time="25.012"/>
  <system-out/>
  <testcase classname="com.yatra.qa.testcases.LoginPageTest" name="usernameTest" time="29.158"/>
  <system-out/>
</testsuite> <!-- com.yatra.qa.testcases.LoginPageTest -->
