<?xml version="1.0" encoding="UTF-8"?>
<!-- Generated by org.testng.reporters.JUnitReportReporter -->
<testsuite hostname="DESKTOP-1EKAV2N" failures="0" tests="1" name="com.yatra.qa.testcases.HomePageTest" time="45.619" errors="0" timestamp="2021-07-04T19:01:37 IST" skipped="0">
  <testcase classname="com.yatra.qa.testcases.HomePageTest" name="searchFlightTest" time="45.619"/>
  <system-out/>
</testsuite> <!-- com.yatra.qa.testcases.HomePageTest -->
