<?xml version="1.0" encoding="UTF-8"?>
<!-- Generated by org.testng.reporters.JUnitReportReporter -->
<testsuite hostname="DESKTOP-1EKAV2N" failures="0" tests="1" name="com.goibibo.qa.testcases.LoginPageTest" time="24.275" errors="0" timestamp="2021-06-06T17:33:01 IST" skipped="0">
  <testcase classname="com.goibibo.qa.testcases.LoginPageTest" name="usernameTest" time="24.275"/>
  <system-out/>
</testsuite> <!-- com.goibibo.qa.testcases.LoginPageTest -->
