<?xml version="1.0" encoding="UTF-8"?>
<!-- Generated by org.testng.reporters.JUnitReportReporter -->
<testsuite hostname="DESKTOP-1EKAV2N" failures="0" tests="3" name="com.goibibo.qa.testcases.WelcomePageTest" time="53.246" errors="0" timestamp="2021-06-05T17:01:17 IST" skipped="0">
  <testcase classname="com.goibibo.qa.testcases.WelcomePageTest" name="welcomePageTitleTest" time="16.662"/>
  <system-out/>
  <testcase classname="com.goibibo.qa.testcases.WelcomePageTest" name="welcomePageLogoTest" time="15.090"/>
  <system-out/>
  <testcase classname="com.goibibo.qa.testcases.WelcomePageTest" name="navigateToLoginPageTest" time="21.494"/>
  <system-out/>
</testsuite> <!-- com.goibibo.qa.testcases.WelcomePageTest -->
