<?xml version="1.0" encoding="UTF-8"?>
<!-- Generated by org.testng.reporters.JUnitReportReporter -->
<testsuite hostname="DESKTOP-1EKAV2N" failures="0" tests="3" name="com.yatra.qa.testcases.LoginPageTest" time="155.442" errors="0" timestamp="2021-06-23T17:12:48 IST" skipped="0">
  <testcase classname="com.yatra.qa.testcases.LoginPageTest" name="loginPageHeaderTest" time="49.663"/>
  <system-out/>
  <testcase classname="com.yatra.qa.testcases.LoginPageTest" name="loginTest" time="47.978"/>
  <system-out/>
  <testcase classname="com.yatra.qa.testcases.LoginPageTest" name="usernameTest" time="57.801"/>
  <system-out/>
</testsuite> <!-- com.yatra.qa.testcases.LoginPageTest -->
