<?xml version="1.0" encoding="UTF-8"?>
<!-- Generated by org.testng.reporters.JUnitReportReporter -->
<testsuite hostname="DESKTOP-1EKAV2N" failures="0" tests="3" name="com.yatra.qa.testcases.WelcomePageTest" time="162.862" errors="0" timestamp="2021-06-23T17:12:48 IST" skipped="0">
  <testcase classname="com.yatra.qa.testcases.WelcomePageTest" name="welcomePageTitleTest" time="57.750"/>
  <system-out/>
  <testcase classname="com.yatra.qa.testcases.WelcomePageTest" name="welcomePageLogoTest" time="46.398"/>
  <system-out/>
  <testcase classname="com.yatra.qa.testcases.WelcomePageTest" name="navigateToLoginPageTest" time="58.714"/>
  <system-out/>
</testsuite> <!-- com.yatra.qa.testcases.WelcomePageTest -->
