<?xml version="1.0" encoding="UTF-8"?>
<!-- Generated by org.testng.reporters.JUnitReportReporter -->
<testsuite hostname="DESKTOP-1EKAV2N" failures="0" tests="3" name="com.yatra.qa.testcases.WelcomePageTest" time="111.880" errors="0" timestamp="2021-07-04T19:01:37 IST" skipped="0">
  <testcase classname="com.yatra.qa.testcases.WelcomePageTest" name="welcomePageTitleTest" time="59.787"/>
  <system-out/>
  <testcase classname="com.yatra.qa.testcases.WelcomePageTest" name="welcomePageLogoTest" time="25.021"/>
  <system-out/>
  <testcase classname="com.yatra.qa.testcases.WelcomePageTest" name="navigateToLoginPageTest" time="27.072"/>
  <system-out/>
</testsuite> <!-- com.yatra.qa.testcases.WelcomePageTest -->
